TN:
SF:src\analytics.js
FNF:0
FNH:0
DA:4,0
LF:1
LH:0
BRF:0
BRH:0
end_of_record
TN:
SF:src\auth-state.js
FN:4,(anonymous_0)
FNF:1
FNH:0
FNDA:0,(anonymous_0)
DA:4,0
DA:5,0
DA:6,0
DA:9,0
DA:10,0
DA:14,0
LF:6
LH:0
BRDA:5,0,0,0
BRDA:5,0,1,0
BRDA:9,1,0,0
BRDA:9,1,1,0
BRF:4
BRH:0
end_of_record
TN:
SF:src\auth.js
FN:15,createUserProfile
FN:29,signup
FN:39,(anonymous_2)
FN:44,loginWithGoogle
FN:56,(anonymous_4)
FNF:5
FNH:0
FNDA:0,createUserProfile
FNDA:0,signup
FNDA:0,(anonymous_2)
FNDA:0,loginWithGoogle
FNDA:0,(anonymous_4)
DA:16,0
DA:18,0
DA:30,0
DA:32,0
DA:34,0
DA:39,0
DA:40,0
DA:45,0
DA:47,0
DA:49,0
DA:51,0
DA:56,0
LF:12
LH:0
BRDA:15,0,0,0
BRDA:16,1,0,0
BRDA:16,1,1,0
BRF:3
BRH:0
end_of_record
TN:
SF:src\counter.js
FN:1,setupCounter
FN:3,(anonymous_1)
FN:7,(anonymous_2)
FNF:3
FNH:0
FNDA:0,setupCounter
FNDA:0,(anonymous_1)
FNDA:0,(anonymous_2)
DA:2,0
DA:3,0
DA:4,0
DA:5,0
DA:7,0
DA:8,0
LF:6
LH:0
BRF:0
BRH:0
end_of_record
TN:
SF:src\firebase-config.js
FNF:0
FNH:0
DA:10,0
DA:22,0
DA:25,0
DA:26,0
LF:4
LH:0
BRF:0
BRH:0
end_of_record
TN:
SF:src\login.js
FN:5,setupLogin
FN:10,(anonymous_1)
FN:29,(anonymous_2)
FNF:3
FNH:0
FNDA:0,setupLogin
FNDA:0,(anonymous_1)
FNDA:0,(anonymous_2)
DA:6,0
DA:7,0
DA:9,0
DA:10,0
DA:11,0
DA:12,0
DA:14,0
DA:15,0
DA:16,0
DA:19,0
DA:20,0
DA:21,0
DA:23,0
DA:28,0
DA:29,0
DA:30,0
DA:31,0
DA:32,0
DA:34,0
DA:41,0
LF:20
LH:0
BRDA:9,0,0,0
BRDA:9,0,1,0
BRDA:14,1,0,0
BRDA:14,1,1,0
BRDA:28,2,0,0
BRDA:28,2,1,0
BRF:6
BRH:0
end_of_record
TN:
SF:src\main.js
FN:8,(anonymous_0)
FN:9,(anonymous_1)
FNF:2
FNH:0
FNDA:0,(anonymous_0)
FNDA:0,(anonymous_1)
DA:8,0
DA:9,0
DA:10,0
LF:3
LH:0
BRF:0
BRH:0
end_of_record
TN:
SF:src\testfirebaseconfig.js
FNF:0
FNH:0
DA:3,0
LF:1
LH:0
BRF:0
BRH:0
end_of_record
TN:
SF:src\user.js
FN:5,createUserProfile
FN:19,signup
FN:28,(anonymous_2)
FN:32,loginWithGoogle
FN:44,(anonymous_4)
FNF:5
FNH:0
FNDA:0,createUserProfile
FNDA:0,signup
FNDA:0,(anonymous_2)
FNDA:0,loginWithGoogle
FNDA:0,(anonymous_4)
DA:6,0
DA:8,0
DA:20,0
DA:22,0
DA:24,0
DA:28,0
DA:29,0
DA:33,0
DA:35,0
DA:38,0
DA:40,0
DA:44,0
DA:45,0
LF:13
LH:0
BRDA:5,0,0,0
BRDA:6,1,0,0
BRDA:6,1,1,0
BRF:3
BRH:0
end_of_record
TN:
SF:src\validation.js
FN:1,isValidPassword
FNF:1
FNH:1
FNDA:6,isValidPassword
DA:2,6
DA:3,3
DA:5,3
DA:6,3
LF:4
LH:4
BRDA:2,0,0,3
BRDA:2,0,1,3
BRDA:3,1,0,0
BRDA:3,1,1,3
BRF:4
BRH:3
end_of_record
